Analysis & Synthesis report for Mar28
Thu Mar 31 14:48:11 2022
Quartus Prime Version 20.1.1 Build 720 11/11/2020 SJ Lite Edition


---------------------
; Table of Contents ;
---------------------
  1. Legal Notice
  2. Analysis & Synthesis Summary
  3. Analysis & Synthesis Settings
  4. Parallel Compilation
  5. Analysis & Synthesis Messages



----------------
; Legal Notice ;
----------------
Copyright (C) 2020  Intel Corporation. All rights reserved.
Your use of Intel Corporation's design tools, logic functions 
and other software and tools, and any partner logic 
functions, and any output files from any of the foregoing 
(including device programming or simulation files), and any 
associated documentation or information are expressly subject 
to the terms and conditions of the Intel Program License 
Subscription Agreement, the Intel Quartus Prime License Agreement,
the Intel FPGA IP License Agreement, or other applicable license
agreement, including, without limitation, that your use is for
the sole purpose of programming logic devices manufactured by
Intel and sold by Intel or its authorized distributors.  Please
refer to the applicable agreement for further details, at
https://fpgasoftware.intel.com/eula.



+---------------------------------------------------------------------------+
; Analysis & Synthesis Summary                                              ;
+-----------------------------+---------------------------------------------+
; Analysis & Synthesis Status ; Failed - Thu Mar 31 14:48:11 2022           ;
; Quartus Prime Version       ; 20.1.1 Build 720 11/11/2020 SJ Lite Edition ;
; Revision Name               ; Mar28                                       ;
; Top-level Entity Name       ; Mar28                                       ;
; Family                      ; Cyclone V                                   ;
; Logic utilization (in ALMs) ; N/A until Partition Merge                   ;
; Total registers             ; N/A until Partition Merge                   ;
; Total pins                  ; N/A until Partition Merge                   ;
; Total virtual pins          ; N/A until Partition Merge                   ;
; Total block memory bits     ; N/A until Partition Merge                   ;
; Total PLLs                  ; N/A until Partition Merge                   ;
; Total DLLs                  ; N/A until Partition Merge                   ;
+-----------------------------+---------------------------------------------+


+---------------------------------------------------------------------------------------------------------------------------+
; Analysis & Synthesis Settings                                                                                             ;
+---------------------------------------------------------------------------------+--------------------+--------------------+
; Option                                                                          ; Setting            ; Default Value      ;
+---------------------------------------------------------------------------------+--------------------+--------------------+
; Device                                                                          ; 5CSEMA5F31C6       ;                    ;
; Top-level entity name                                                           ; Mar28              ; Mar28              ;
; Family name                                                                     ; Cyclone V          ; Cyclone V          ;
; Use smart compilation                                                           ; Off                ; Off                ;
; Enable parallel Assembler and Timing Analyzer during compilation                ; On                 ; On                 ;
; Enable compact report table                                                     ; Off                ; Off                ;
; Restructure Multiplexers                                                        ; Auto               ; Auto               ;
; MLAB Add Timing Constraints For Mixed-Port Feed-Through Mode Setting Don't Care ; Off                ; Off                ;
; Create Debugging Nodes for IP Cores                                             ; Off                ; Off                ;
; Preserve fewer node names                                                       ; On                 ; On                 ;
; Intel FPGA IP Evaluation Mode                                                   ; Enable             ; Enable             ;
; Verilog Version                                                                 ; Verilog_2001       ; Verilog_2001       ;
; VHDL Version                                                                    ; VHDL_1993          ; VHDL_1993          ;
; State Machine Processing                                                        ; Auto               ; Auto               ;
; Safe State Machine                                                              ; Off                ; Off                ;
; Extract Verilog State Machines                                                  ; On                 ; On                 ;
; Extract VHDL State Machines                                                     ; On                 ; On                 ;
; Ignore Verilog initial constructs                                               ; Off                ; Off                ;
; Iteration limit for constant Verilog loops                                      ; 5000               ; 5000               ;
; Iteration limit for non-constant Verilog loops                                  ; 250                ; 250                ;
; Add Pass-Through Logic to Inferred RAMs                                         ; On                 ; On                 ;
; Infer RAMs from Raw Logic                                                       ; On                 ; On                 ;
; Parallel Synthesis                                                              ; On                 ; On                 ;
; DSP Block Balancing                                                             ; Auto               ; Auto               ;
; NOT Gate Push-Back                                                              ; On                 ; On                 ;
; Power-Up Don't Care                                                             ; On                 ; On                 ;
; Remove Redundant Logic Cells                                                    ; Off                ; Off                ;
; Remove Duplicate Registers                                                      ; On                 ; On                 ;
; Ignore CARRY Buffers                                                            ; Off                ; Off                ;
; Ignore CASCADE Buffers                                                          ; Off                ; Off                ;
; Ignore GLOBAL Buffers                                                           ; Off                ; Off                ;
; Ignore ROW GLOBAL Buffers                                                       ; Off                ; Off                ;
; Ignore LCELL Buffers                                                            ; Off                ; Off                ;
; Ignore SOFT Buffers                                                             ; On                 ; On                 ;
; Limit AHDL Integers to 32 Bits                                                  ; Off                ; Off                ;
; Optimization Technique                                                          ; Balanced           ; Balanced           ;
; Carry Chain Length                                                              ; 70                 ; 70                 ;
; Auto Carry Chains                                                               ; On                 ; On                 ;
; Auto Open-Drain Pins                                                            ; On                 ; On                 ;
; Perform WYSIWYG Primitive Resynthesis                                           ; Off                ; Off                ;
; Auto ROM Replacement                                                            ; On                 ; On                 ;
; Auto RAM Replacement                                                            ; On                 ; On                 ;
; Auto DSP Block Replacement                                                      ; On                 ; On                 ;
; Auto Shift Register Replacement                                                 ; Auto               ; Auto               ;
; Allow Shift Register Merging across Hierarchies                                 ; Auto               ; Auto               ;
; Auto Clock Enable Replacement                                                   ; On                 ; On                 ;
; Strict RAM Replacement                                                          ; Off                ; Off                ;
; Allow Synchronous Control Signals                                               ; On                 ; On                 ;
; Force Use of Synchronous Clear Signals                                          ; Off                ; Off                ;
; Auto Resource Sharing                                                           ; Off                ; Off                ;
; Allow Any RAM Size For Recognition                                              ; Off                ; Off                ;
; Allow Any ROM Size For Recognition                                              ; Off                ; Off                ;
; Allow Any Shift Register Size For Recognition                                   ; Off                ; Off                ;
; Use LogicLock Constraints during Resource Balancing                             ; On                 ; On                 ;
; Ignore translate_off and synthesis_off directives                               ; Off                ; Off                ;
; Timing-Driven Synthesis                                                         ; On                 ; On                 ;
; Report Parameter Settings                                                       ; On                 ; On                 ;
; Report Source Assignments                                                       ; On                 ; On                 ;
; Report Connectivity Checks                                                      ; On                 ; On                 ;
; Ignore Maximum Fan-Out Assignments                                              ; Off                ; Off                ;
; Synchronization Register Chain Length                                           ; 3                  ; 3                  ;
; Power Optimization During Synthesis                                             ; Normal compilation ; Normal compilation ;
; HDL message level                                                               ; Level2             ; Level2             ;
; Suppress Register Optimization Related Messages                                 ; Off                ; Off                ;
; Number of Removed Registers Reported in Synthesis Report                        ; 5000               ; 5000               ;
; Number of Swept Nodes Reported in Synthesis Report                              ; 5000               ; 5000               ;
; Number of Inverted Registers Reported in Synthesis Report                       ; 100                ; 100                ;
; Clock MUX Protection                                                            ; On                 ; On                 ;
; Auto Gated Clock Conversion                                                     ; Off                ; Off                ;
; Block Design Naming                                                             ; Auto               ; Auto               ;
; SDC constraint protection                                                       ; Off                ; Off                ;
; Synthesis Effort                                                                ; Auto               ; Auto               ;
; Shift Register Replacement - Allow Asynchronous Clear Signal                    ; On                 ; On                 ;
; Pre-Mapping Resynthesis Optimization                                            ; Off                ; Off                ;
; Analysis & Synthesis Message Level                                              ; Medium             ; Medium             ;
; Disable Register Merging Across Hierarchies                                     ; Auto               ; Auto               ;
; Resource Aware Inference For Block RAM                                          ; On                 ; On                 ;
; Automatic Parallel Synthesis                                                    ; On                 ; On                 ;
; Partial Reconfiguration Bitstream ID                                            ; Off                ; Off                ;
+---------------------------------------------------------------------------------+--------------------+--------------------+


+------------------------------------------+
; Parallel Compilation                     ;
+----------------------------+-------------+
; Processors                 ; Number      ;
+----------------------------+-------------+
; Number detected on machine ; 12          ;
; Maximum allowed            ; 6           ;
;                            ;             ;
; Average used               ; 1.00        ;
; Maximum used               ; 1           ;
;                            ;             ;
; Usage by Processor         ; % Time Used ;
;     Processor 1            ; 100.0%      ;
+----------------------------+-------------+


+-------------------------------+
; Analysis & Synthesis Messages ;
+-------------------------------+
Info: *******************************************************************
Info: Running Quartus Prime Analysis & Synthesis
    Info: Version 20.1.1 Build 720 11/11/2020 SJ Lite Edition
    Info: Processing started: Thu Mar 31 14:48:04 2022
Info: Command: quartus_map --read_settings_files=on --write_settings_files=off Mar28 -c Mar28
Warning (18236): Number of processors has not been specified which may cause overloading on shared machines.  Set the global assignment NUM_PARALLEL_PROCESSORS in your QSF to an appropriate value for best performance.
Info (20030): Parallel compilation is enabled and will use 6 of the 6 processors detected
Error (10500): VHDL syntax error at Mar28.vhd(49) near text ")";  expecting an identifier, or "constant", or "file", or "signal", or "variable" File: C:/Users/seand/Desktop/Programming/Mar28/Mar28.vhd Line: 49
Error (10500): VHDL syntax error at Mar28.vhd(59) near text ")";  expecting an identifier, or "constant", or "file", or "signal", or "variable" File: C:/Users/seand/Desktop/Programming/Mar28/Mar28.vhd Line: 59
Error (10500): VHDL syntax error at Mar28.vhd(70) near text ")";  expecting an identifier, or "constant", or "file", or "signal", or "variable" File: C:/Users/seand/Desktop/Programming/Mar28/Mar28.vhd Line: 70
Error (10500): VHDL syntax error at Mar28.vhd(87) near text "array";  expecting an identifier ("array" is a reserved keyword), or a string literal File: C:/Users/seand/Desktop/Programming/Mar28/Mar28.vhd Line: 87
Error (10500): VHDL syntax error at Mar28.vhd(92) near text "array";  expecting an identifier ("array" is a reserved keyword), or a string literal File: C:/Users/seand/Desktop/Programming/Mar28/Mar28.vhd Line: 92
Error (10500): VHDL syntax error at Mar28.vhd(98) near text ")";  expecting ":", or "," File: C:/Users/seand/Desktop/Programming/Mar28/Mar28.vhd Line: 98
Error (10500): VHDL syntax error at Mar28.vhd(99) near text ")";  expecting ":", or "," File: C:/Users/seand/Desktop/Programming/Mar28/Mar28.vhd Line: 99
Error (10500): VHDL syntax error at Mar28.vhd(100) near text ")";  expecting ":", or "," File: C:/Users/seand/Desktop/Programming/Mar28/Mar28.vhd Line: 100
Error (10500): VHDL syntax error at Mar28.vhd(101) near text ")";  expecting ":", or "," File: C:/Users/seand/Desktop/Programming/Mar28/Mar28.vhd Line: 101
Info (12021): Found 0 design units, including 0 entities, in source file mar28.vhd
Error (10500): VHDL syntax error at Valid_selection.vhd(12) near text "port";  expecting "end", or "begin", or a declaration statement File: C:/Users/seand/Desktop/Programming/Mar28/Valid_selection.vhd Line: 12
Error (10523): Ignored construct Valid_selection at Valid_selection.vhd(8) due to previous errors File: C:/Users/seand/Desktop/Programming/Mar28/Valid_selection.vhd Line: 8
Error (10500): VHDL syntax error at Valid_selection.vhd(24) near text "std_logic_vector";  expecting ":", or "," File: C:/Users/seand/Desktop/Programming/Mar28/Valid_selection.vhd Line: 24
Info (12021): Found 0 design units, including 0 entities, in source file valid_selection.vhd
Error (10500): VHDL syntax error at Win_logic.vhd(9) near text "port";  expecting "end", or "begin", or a declaration statement File: C:/Users/seand/Desktop/Programming/Mar28/Win_logic.vhd Line: 9
Error (10523): Ignored construct Win_logic at Win_logic.vhd(5) due to previous errors File: C:/Users/seand/Desktop/Programming/Mar28/Win_logic.vhd Line: 5
Error (10500): VHDL syntax error at Win_logic.vhd(17) near text "std_logic";  expecting ":", or "," File: C:/Users/seand/Desktop/Programming/Mar28/Win_logic.vhd Line: 17
Info (12021): Found 0 design units, including 0 entities, in source file win_logic.vhd
Error (10500): VHDL syntax error at Display_eval.vhd(19) near text ")";  expecting an identifier, or "constant", or "file", or "signal", or "variable" File: C:/Users/seand/Desktop/Programming/Mar28/Display_eval.vhd Line: 19
Info (12021): Found 0 design units, including 0 entities, in source file display_eval.vhd
Warning (12018): Entity "DFF" will be ignored because it conflicts with Quartus Prime primitive name File: C:/Users/seand/Desktop/Programming/Mar28/DFF.vhd Line: 8
Info (12021): Found 2 design units, including 1 entities, in source file dff.vhd
    Info (12022): Found design unit 1: DFF-logic File: C:/Users/seand/Desktop/Programming/Mar28/DFF.vhd Line: 15
Warning (12018): Entity "TFF" will be ignored because it conflicts with Quartus Prime primitive name File: C:/Users/seand/Desktop/Programming/Mar28/TFF.vhd Line: 7
Info (12021): Found 2 design units, including 1 entities, in source file tff.vhd
    Info (12022): Found design unit 1: TFF-logic File: C:/Users/seand/Desktop/Programming/Mar28/TFF.vhd Line: 14
Error (10500): VHDL syntax error at Cell_logic.vhd(12) near text "array";  expecting an identifier ("array" is a reserved keyword), or a string literal File: C:/Users/seand/Desktop/Programming/Mar28/Cell_logic.vhd Line: 12
Error (10500): VHDL syntax error at Cell_logic.vhd(24) near text "component";  expecting ";", or an identifier ("component" is a reserved keyword), or "entity" File: C:/Users/seand/Desktop/Programming/Mar28/Cell_logic.vhd Line: 24
Error (10500): VHDL syntax error at Cell_logic.vhd(27) near text "array";  expecting an identifier ("array" is a reserved keyword), or a string literal File: C:/Users/seand/Desktop/Programming/Mar28/Cell_logic.vhd Line: 27
Error (10396): VHDL syntax error at Cell_logic.vhd(105): name used in construct must match previously specified name "Cell_logic" File: C:/Users/seand/Desktop/Programming/Mar28/Cell_logic.vhd Line: 105
Error (10523): Ignored construct Cell_logic at Cell_logic.vhd(5) due to previous errors File: C:/Users/seand/Desktop/Programming/Mar28/Cell_logic.vhd Line: 5
Info (12021): Found 0 design units, including 0 entities, in source file cell_logic.vhd
Error (10500): VHDL syntax error at Decoder4_16.vhd(8) near text ")";  expecting an identifier, or "constant", or "file", or "signal", or "variable" File: C:/Users/seand/Desktop/Programming/Mar28/Decoder4_16.vhd Line: 8
Info (12021): Found 0 design units, including 0 entities, in source file decoder4_16.vhd
Error: Quartus Prime Analysis & Synthesis was unsuccessful. 22 errors, 3 warnings
    Error: Peak virtual memory: 4837 megabytes
    Error: Processing ended: Thu Mar 31 14:48:11 2022
    Error: Elapsed time: 00:00:07
    Error: Total CPU time (on all processors): 00:00:16


